0 info it worked if it ends with ok
1 verbose cli [ 'C:\\Program Files\\nodejs\\node.exe',
1 verbose cli   'C:\\Program Files\\nodejs\\node_modules\\npm\\bin\\npm-cli.js',
1 verbose cli   'start' ]
2 info using npm@3.10.10
3 info using node@v6.10.3
4 verbose run-script [ 'prestart', 'start', 'poststart' ]
5 info lifecycle myapp20170714@0.0.0~prestart: myapp20170714@0.0.0
6 silly lifecycle myapp20170714@0.0.0~prestart: no script for prestart, continuing
7 info lifecycle myapp20170714@0.0.0~start: myapp20170714@0.0.0
8 verbose lifecycle myapp20170714@0.0.0~start: unsafe-perm in lifecycle true
9 verbose lifecycle myapp20170714@0.0.0~start: PATH: C:\Users\DF\AppData\Roaming\nvm\v6.10.3\node_modules\npm\bin\node-gyp-bin;E:\Git\heroku\myapp20170714\node_modules\.bin;C:\Windows\system32;C:\Windows;C:\Windows\System32\Wbem;C:\Windows\System32\WindowsPowerShell\v1.0\;C:\Program Files\MySQL\MySQL Server 5.5\bin;C:\Users\DF\AppData\Roaming\nvm;C:\Program Files\nodejs;C:\Program Files\TortoiseSVN\bin;C:\Program Files\Git\cmd;C:\Users\DF\AppData\Roaming\npm;C:\Users\DF\AppData\Roaming\nvm;C:\Program Files\nodejs;C:\Program Files (x86)\Microsoft VS Code\bin;C:\Program Files\Java\jdk1.7.0_67;\bin;C:\Program Files\Java\jdk1.7.0_67;\jre\bin;C:\Program Files\Heroku\bin
10 verbose lifecycle myapp20170714@0.0.0~start: CWD: E:\Git\heroku\myapp20170714
11 silly lifecycle myapp20170714@0.0.0~start: Args: [ '/d /s /c', 'nodemon ./bin/www' ]
12 silly lifecycle myapp20170714@0.0.0~start: Returned: code: 3221225786  signal: null
13 info lifecycle myapp20170714@0.0.0~start: Failed to exec start script
14 verbose stack Error: myapp20170714@0.0.0 start: `nodemon ./bin/www`
14 verbose stack Exit status 3221225786
14 verbose stack     at EventEmitter.<anonymous> (C:\Users\DF\AppData\Roaming\nvm\v6.10.3\node_modules\npm\lib\utils\lifecycle.js:255:16)
14 verbose stack     at emitTwo (events.js:106:13)
14 verbose stack     at EventEmitter.emit (events.js:191:7)
14 verbose stack     at ChildProcess.<anonymous> (C:\Users\DF\AppData\Roaming\nvm\v6.10.3\node_modules\npm\lib\utils\spawn.js:40:14)
14 verbose stack     at emitTwo (events.js:106:13)
14 verbose stack     at ChildProcess.emit (events.js:191:7)
14 verbose stack     at maybeClose (internal/child_process.js:886:16)
14 verbose stack     at Process.ChildProcess._handle.onexit (internal/child_process.js:226:5)
15 verbose pkgid myapp20170714@0.0.0
16 verbose cwd E:\Git\heroku\myapp20170714
17 error Windows_NT 6.1.7601
18 error argv "C:\\Program Files\\nodejs\\node.exe" "C:\\Program Files\\nodejs\\node_modules\\npm\\bin\\npm-cli.js" "start"
19 error node v6.10.3
20 error npm  v3.10.10
21 error code ELIFECYCLE
22 error myapp20170714@0.0.0 start: `nodemon ./bin/www`
22 error Exit status 3221225786
23 error Failed at the myapp20170714@0.0.0 start script 'nodemon ./bin/www'.
23 error Make sure you have the latest version of node.js and npm installed.
23 error If you do, this is most likely a problem with the myapp20170714 package,
23 error not with npm itself.
23 error Tell the author that this fails on your system:
23 error     nodemon ./bin/www
23 error You can get information on how to open an issue for this project with:
23 error     npm bugs myapp20170714
23 error Or if that isn't available, you can get their info via:
23 error     npm owner ls myapp20170714
23 error There is likely additional logging output above.
24 verbose exit [ 1, true ]
